<?xml version="1.0" encoding="UTF-8"?>
<!-- Generated by org.testng.reporters.JUnitReportReporter -->
<testsuite hostname="AK-PC" failures="0" tests="1" name="cia1.E1" time="7.233" errors="0" timestamp="2023-05-03T15:24:08 IST" skipped="0">
  <testcase classname="cia1.E1" name="openURL" time="7.233"/>
  <system-out/>
</testsuite> <!-- cia1.E1 -->
